20:29:34 Log file: logs/train_20250524_202934.log
20:30:06 ✔ Data split: 1958081/279725/559453 rows ➜ splits
20:30:08 train.csv: samples=1957961  class_dist=[ 242173 1465142  250766]
20:30:09 val.csv: samples=279605  class_dist=[ 29458 218014  32253]
20:30:09 test.csv: samples=559333  class_dist=[ 68225 420338  70890]
20:30:14 [train] batch 200/7649 | loss 1.0937 | acc 0.4930
20:30:18 [train] batch 400/7649 | loss 1.0845 | acc 0.4944
20:30:21 [train] batch 600/7649 | loss 1.0806 | acc 0.4957
20:30:24 [train] batch 800/7649 | loss 1.0775 | acc 0.4958
20:30:27 [train] batch 1000/7649 | loss 1.0756 | acc 0.4915
20:30:30 [train] batch 1200/7649 | loss 1.0741 | acc 0.4891
20:30:34 [train] batch 1400/7649 | loss 1.0730 | acc 0.4863
20:30:37 [train] batch 1600/7649 | loss 1.0715 | acc 0.4852
20:30:40 [train] batch 1800/7649 | loss 1.0705 | acc 0.4830
20:30:43 [train] batch 2000/7649 | loss 1.0697 | acc 0.4814
20:30:46 [train] batch 2200/7649 | loss 1.0690 | acc 0.4797
20:30:50 [train] batch 2400/7649 | loss 1.0684 | acc 0.4787
20:30:53 [train] batch 2600/7649 | loss 1.0678 | acc 0.4778
20:30:56 [train] batch 2800/7649 | loss 1.0673 | acc 0.4767
20:30:59 [train] batch 3000/7649 | loss 1.0668 | acc 0.4754
20:31:03 [train] batch 3200/7649 | loss 1.0664 | acc 0.4742
20:31:06 [train] batch 3400/7649 | loss 1.0660 | acc 0.4731
20:31:09 [train] batch 3600/7649 | loss 1.0658 | acc 0.4718
20:31:12 [train] batch 3800/7649 | loss 1.0654 | acc 0.4712
20:31:16 [train] batch 4000/7649 | loss 1.0650 | acc 0.4704
20:31:19 [train] batch 4200/7649 | loss 1.0647 | acc 0.4698
20:31:22 [train] batch 4400/7649 | loss 1.0643 | acc 0.4693
20:31:25 [train] batch 4600/7649 | loss 1.0641 | acc 0.4684
20:31:29 [train] batch 4800/7649 | loss 1.0639 | acc 0.4678
20:31:32 [train] batch 5000/7649 | loss 1.0636 | acc 0.4672
20:31:35 [train] batch 5200/7649 | loss 1.0634 | acc 0.4666
20:31:38 [train] batch 5400/7649 | loss 1.0631 | acc 0.4664
20:31:42 [train] batch 5600/7649 | loss 1.0629 | acc 0.4661
20:31:45 [train] batch 5800/7649 | loss 1.0628 | acc 0.4658
20:31:48 [train] batch 6000/7649 | loss 1.0627 | acc 0.4656
20:31:51 [train] batch 6200/7649 | loss 1.0625 | acc 0.4652
20:31:55 [train] batch 6400/7649 | loss 1.0623 | acc 0.4650
20:31:58 [train] batch 6600/7649 | loss 1.0622 | acc 0.4648
20:32:01 [train] batch 6800/7649 | loss 1.0620 | acc 0.4649
20:32:05 [train] batch 7000/7649 | loss 1.0619 | acc 0.4646
20:32:08 [train] batch 7200/7649 | loss 1.0618 | acc 0.4643
20:32:11 [train] batch 7400/7649 | loss 1.0616 | acc 0.4642
20:32:14 [train] batch 7600/7649 | loss 1.0616 | acc 0.4638
20:32:15 [train] batch 7649/7649 | loss 1.0615 | acc 0.4639
20:32:22 ✔ saved validation confusion matrix → confusion_val/run_20250524_203011/epoch_01.png
20:32:22 Epoch 01 | train 1.0615/0.4639 | val 1.0301/0.4476 | lr 1.00e-05
20:32:22 ✓ save best
20:32:25 [train] batch 200/7649 | loss 1.0592 | acc 0.4512
20:32:29 [train] batch 400/7649 | loss 1.0582 | acc 0.4543
20:32:32 [train] batch 600/7649 | loss 1.0584 | acc 0.4532
20:32:35 [train] batch 800/7649 | loss 1.0579 | acc 0.4530
20:32:38 [train] batch 1000/7649 | loss 1.0579 | acc 0.4536
20:32:42 [train] batch 1200/7649 | loss 1.0575 | acc 0.4558
20:32:45 [train] batch 1400/7649 | loss 1.0571 | acc 0.4574
20:32:48 [train] batch 1600/7649 | loss 1.0571 | acc 0.4586
20:32:51 [train] batch 1800/7649 | loss 1.0569 | acc 0.4592
20:32:55 [train] batch 2000/7649 | loss 1.0569 | acc 0.4594
20:32:58 [train] batch 2200/7649 | loss 1.0571 | acc 0.4594
20:33:01 [train] batch 2400/7649 | loss 1.0570 | acc 0.4602
20:33:05 [train] batch 2600/7649 | loss 1.0570 | acc 0.4608
20:33:08 [train] batch 2800/7649 | loss 1.0569 | acc 0.4616
20:33:11 [train] batch 3000/7649 | loss 1.0568 | acc 0.4619
20:33:15 [train] batch 3200/7649 | loss 1.0568 | acc 0.4617
20:33:18 [train] batch 3400/7649 | loss 1.0566 | acc 0.4620
20:33:21 [train] batch 3600/7649 | loss 1.0566 | acc 0.4621
20:33:25 [train] batch 3800/7649 | loss 1.0567 | acc 0.4617
20:33:28 [train] batch 4000/7649 | loss 1.0567 | acc 0.4616
20:33:31 [train] batch 4200/7649 | loss 1.0566 | acc 0.4616
20:33:34 [train] batch 4400/7649 | loss 1.0567 | acc 0.4615
20:33:38 [train] batch 4600/7649 | loss 1.0565 | acc 0.4618
20:33:41 [train] batch 4800/7649 | loss 1.0565 | acc 0.4620
20:33:44 [train] batch 5000/7649 | loss 1.0565 | acc 0.4619
20:33:47 [train] batch 5200/7649 | loss 1.0564 | acc 0.4620
20:33:51 [train] batch 5400/7649 | loss 1.0564 | acc 0.4621
20:33:54 [train] batch 5600/7649 | loss 1.0565 | acc 0.4622
20:33:57 [train] batch 5800/7649 | loss 1.0564 | acc 0.4626
20:34:00 [train] batch 6000/7649 | loss 1.0565 | acc 0.4626
20:34:04 [train] batch 6200/7649 | loss 1.0564 | acc 0.4629
20:34:07 [train] batch 6400/7649 | loss 1.0564 | acc 0.4627
20:34:10 [train] batch 6600/7649 | loss 1.0564 | acc 0.4627
20:34:14 [train] batch 6800/7649 | loss 1.0563 | acc 0.4627
20:34:17 [train] batch 7000/7649 | loss 1.0563 | acc 0.4628
20:34:20 [train] batch 7200/7649 | loss 1.0562 | acc 0.4632
20:34:23 [train] batch 7400/7649 | loss 1.0562 | acc 0.4633
20:34:27 [train] batch 7600/7649 | loss 1.0562 | acc 0.4636
20:34:28 [train] batch 7649/7649 | loss 1.0561 | acc 0.4636
20:34:34 ✔ saved validation confusion matrix → confusion_val/run_20250524_203011/epoch_02.png
20:34:34 Epoch 02 | train 1.0561/0.4636 | val 1.0304/0.4525 | lr 1.00e-05
20:34:34 ✓ save best
20:34:38 [train] batch 200/7649 | loss 1.0538 | acc 0.4741
20:34:41 [train] batch 400/7649 | loss 1.0551 | acc 0.4710
20:34:44 [train] batch 600/7649 | loss 1.0553 | acc 0.4707
20:34:47 [train] batch 800/7649 | loss 1.0554 | acc 0.4714
20:34:51 [train] batch 1000/7649 | loss 1.0557 | acc 0.4723
20:34:54 [train] batch 1200/7649 | loss 1.0555 | acc 0.4718
20:34:57 [train] batch 1400/7649 | loss 1.0555 | acc 0.4699
20:35:00 [train] batch 1600/7649 | loss 1.0554 | acc 0.4701
20:35:04 [train] batch 1800/7649 | loss 1.0551 | acc 0.4708
20:35:07 [train] batch 2000/7649 | loss 1.0552 | acc 0.4695
20:35:10 [train] batch 2200/7649 | loss 1.0549 | acc 0.4695
20:35:14 [train] batch 2400/7649 | loss 1.0549 | acc 0.4687
20:35:17 [train] batch 2600/7649 | loss 1.0550 | acc 0.4679
20:35:20 [train] batch 2800/7649 | loss 1.0549 | acc 0.4679
20:35:24 [train] batch 3000/7649 | loss 1.0549 | acc 0.4678
20:35:27 [train] batch 3200/7649 | loss 1.0549 | acc 0.4676
20:35:30 [train] batch 3400/7649 | loss 1.0550 | acc 0.4673
20:35:34 [train] batch 3600/7649 | loss 1.0550 | acc 0.4673
20:35:37 [train] batch 3800/7649 | loss 1.0552 | acc 0.4672
20:35:40 [train] batch 4000/7649 | loss 1.0551 | acc 0.4678
20:35:43 [train] batch 4200/7649 | loss 1.0550 | acc 0.4675
20:35:47 [train] batch 4400/7649 | loss 1.0551 | acc 0.4675
20:35:50 [train] batch 4600/7649 | loss 1.0550 | acc 0.4677
20:35:53 [train] batch 4800/7649 | loss 1.0551 | acc 0.4678
20:35:56 [train] batch 5000/7649 | loss 1.0552 | acc 0.4679
20:36:00 [train] batch 5200/7649 | loss 1.0552 | acc 0.4681
20:36:03 [train] batch 5400/7649 | loss 1.0552 | acc 0.4679
20:36:06 [train] batch 5600/7649 | loss 1.0553 | acc 0.4679
20:36:10 [train] batch 5800/7649 | loss 1.0553 | acc 0.4676
20:36:13 [train] batch 6000/7649 | loss 1.0553 | acc 0.4675
20:36:16 [train] batch 6200/7649 | loss 1.0552 | acc 0.4674
20:36:19 [train] batch 6400/7649 | loss 1.0553 | acc 0.4674
20:36:23 [train] batch 6600/7649 | loss 1.0553 | acc 0.4674
20:36:26 [train] batch 6800/7649 | loss 1.0552 | acc 0.4675
20:36:29 [train] batch 7000/7649 | loss 1.0552 | acc 0.4676
20:36:33 [train] batch 7200/7649 | loss 1.0553 | acc 0.4677
20:36:36 [train] batch 7400/7649 | loss 1.0552 | acc 0.4676
20:36:39 [train] batch 7600/7649 | loss 1.0552 | acc 0.4677
20:36:40 [train] batch 7649/7649 | loss 1.0552 | acc 0.4677
20:36:47 ✔ saved validation confusion matrix → confusion_val/run_20250524_203011/epoch_03.png
20:36:47 Epoch 03 | train 1.0552/0.4677 | val 1.0318/0.4470 | lr 1.00e-05
20:36:50 [train] batch 200/7649 | loss 1.0547 | acc 0.4657
20:36:53 [train] batch 400/7649 | loss 1.0556 | acc 0.4647
20:36:57 [train] batch 600/7649 | loss 1.0552 | acc 0.4645
20:37:00 [train] batch 800/7649 | loss 1.0554 | acc 0.4651
20:37:03 [train] batch 1000/7649 | loss 1.0553 | acc 0.4659
20:37:07 [train] batch 1200/7649 | loss 1.0554 | acc 0.4671
20:37:10 [train] batch 1400/7649 | loss 1.0555 | acc 0.4668
20:37:13 [train] batch 1600/7649 | loss 1.0554 | acc 0.4661
20:37:16 [train] batch 1800/7649 | loss 1.0555 | acc 0.4663
20:37:20 [train] batch 2000/7649 | loss 1.0558 | acc 0.4660
20:37:23 [train] batch 2200/7649 | loss 1.0558 | acc 0.4659
20:37:26 [train] batch 2400/7649 | loss 1.0557 | acc 0.4663
20:37:30 [train] batch 2600/7649 | loss 1.0558 | acc 0.4667
20:37:33 [train] batch 2800/7649 | loss 1.0557 | acc 0.4671
20:37:36 [train] batch 3000/7649 | loss 1.0557 | acc 0.4676
20:37:40 [train] batch 3200/7649 | loss 1.0556 | acc 0.4674
20:37:43 [train] batch 3400/7649 | loss 1.0556 | acc 0.4677
20:37:46 [train] batch 3600/7649 | loss 1.0556 | acc 0.4674
20:37:49 [train] batch 3800/7649 | loss 1.0555 | acc 0.4675
20:37:53 [train] batch 4000/7649 | loss 1.0554 | acc 0.4673
20:37:56 [train] batch 4200/7649 | loss 1.0554 | acc 0.4674
20:37:59 [train] batch 4400/7649 | loss 1.0553 | acc 0.4676
20:38:03 [train] batch 4600/7649 | loss 1.0552 | acc 0.4682
20:38:06 [train] batch 4800/7649 | loss 1.0552 | acc 0.4686
20:38:09 [train] batch 5000/7649 | loss 1.0552 | acc 0.4686
20:38:12 [train] batch 5200/7649 | loss 1.0552 | acc 0.4688
20:38:16 [train] batch 5400/7649 | loss 1.0550 | acc 0.4688
20:38:19 [train] batch 5600/7649 | loss 1.0549 | acc 0.4688
20:38:22 [train] batch 5800/7649 | loss 1.0549 | acc 0.4688
20:38:26 [train] batch 6000/7649 | loss 1.0549 | acc 0.4689
20:38:29 [train] batch 6200/7649 | loss 1.0549 | acc 0.4691
20:38:32 [train] batch 6400/7649 | loss 1.0549 | acc 0.4689
20:38:36 [train] batch 6600/7649 | loss 1.0549 | acc 0.4690
20:38:39 [train] batch 6800/7649 | loss 1.0548 | acc 0.4693
20:38:42 [train] batch 7000/7649 | loss 1.0549 | acc 0.4692
20:38:45 [train] batch 7200/7649 | loss 1.0548 | acc 0.4695
20:38:49 [train] batch 7400/7649 | loss 1.0548 | acc 0.4696
20:38:52 [train] batch 7600/7649 | loss 1.0548 | acc 0.4697
20:38:53 [train] batch 7649/7649 | loss 1.0547 | acc 0.4697
20:38:59 ✔ saved validation confusion matrix → confusion_val/run_20250524_203011/epoch_04.png
20:38:59 Epoch 04 | train 1.0547/0.4697 | val 1.0328/0.4432 | lr 1.00e-05
20:39:03 [train] batch 200/7649 | loss 1.0560 | acc 0.4630
20:39:06 [train] batch 400/7649 | loss 1.0544 | acc 0.4670
20:39:09 [train] batch 600/7649 | loss 1.0546 | acc 0.4676
20:39:13 [train] batch 800/7649 | loss 1.0539 | acc 0.4704
20:39:16 [train] batch 1000/7649 | loss 1.0544 | acc 0.4712
20:39:19 [train] batch 1200/7649 | loss 1.0542 | acc 0.4726
20:39:22 [train] batch 1400/7649 | loss 1.0542 | acc 0.4715
20:39:26 [train] batch 1600/7649 | loss 1.0542 | acc 0.4705
20:39:29 [train] batch 1800/7649 | loss 1.0542 | acc 0.4701
20:39:32 [train] batch 2000/7649 | loss 1.0543 | acc 0.4696
20:39:36 [train] batch 2200/7649 | loss 1.0543 | acc 0.4693
20:39:39 [train] batch 2400/7649 | loss 1.0542 | acc 0.4690
20:39:42 [train] batch 2600/7649 | loss 1.0544 | acc 0.4690
20:39:46 [train] batch 2800/7649 | loss 1.0544 | acc 0.4689
20:39:49 [train] batch 3000/7649 | loss 1.0544 | acc 0.4695
20:39:52 [train] batch 3200/7649 | loss 1.0544 | acc 0.4693
20:39:56 [train] batch 3400/7649 | loss 1.0544 | acc 0.4693
20:39:59 [train] batch 3600/7649 | loss 1.0543 | acc 0.4693
20:40:02 [train] batch 3800/7649 | loss 1.0542 | acc 0.4697
20:40:05 [train] batch 4000/7649 | loss 1.0542 | acc 0.4702
20:40:09 [train] batch 4200/7649 | loss 1.0542 | acc 0.4700
20:40:12 [train] batch 4400/7649 | loss 1.0541 | acc 0.4703
20:40:15 [train] batch 4600/7649 | loss 1.0540 | acc 0.4705
20:40:19 [train] batch 4800/7649 | loss 1.0540 | acc 0.4704
20:40:22 [train] batch 5000/7649 | loss 1.0541 | acc 0.4701
20:40:25 [train] batch 5200/7649 | loss 1.0541 | acc 0.4700
20:40:28 [train] batch 5400/7649 | loss 1.0542 | acc 0.4701
20:40:32 [train] batch 5600/7649 | loss 1.0542 | acc 0.4702
20:40:35 [train] batch 5800/7649 | loss 1.0543 | acc 0.4701
20:40:38 [train] batch 6000/7649 | loss 1.0543 | acc 0.4702
20:40:42 [train] batch 6200/7649 | loss 1.0542 | acc 0.4702
20:40:45 [train] batch 6400/7649 | loss 1.0542 | acc 0.4702
20:40:48 [train] batch 6600/7649 | loss 1.0543 | acc 0.4702
20:40:51 [train] batch 6800/7649 | loss 1.0543 | acc 0.4704
20:40:55 [train] batch 7000/7649 | loss 1.0543 | acc 0.4705
20:40:58 [train] batch 7200/7649 | loss 1.0543 | acc 0.4704
20:41:01 [train] batch 7400/7649 | loss 1.0543 | acc 0.4704
20:41:05 [train] batch 7600/7649 | loss 1.0543 | acc 0.4705
20:41:05 [train] batch 7649/7649 | loss 1.0543 | acc 0.4705
20:41:12 ✔ saved validation confusion matrix → confusion_val/run_20250524_203011/epoch_05.png
20:41:12 Epoch 05 | train 1.0543/0.4705 | val 1.0327/0.4482 | lr 5.00e-06
20:41:15 [train] batch 200/7649 | loss 1.0551 | acc 0.4700
20:41:19 [train] batch 400/7649 | loss 1.0557 | acc 0.4634
20:41:22 [train] batch 600/7649 | loss 1.0544 | acc 0.4665
20:41:25 [train] batch 800/7649 | loss 1.0535 | acc 0.4688
20:41:29 [train] batch 1000/7649 | loss 1.0535 | acc 0.4685
20:41:32 [train] batch 1200/7649 | loss 1.0538 | acc 0.4680
20:41:35 [train] batch 1400/7649 | loss 1.0543 | acc 0.4678
20:41:39 [train] batch 1600/7649 | loss 1.0543 | acc 0.4683
20:41:42 [train] batch 1800/7649 | loss 1.0543 | acc 0.4690
20:41:45 [train] batch 2000/7649 | loss 1.0545 | acc 0.4687
20:41:48 [train] batch 2200/7649 | loss 1.0545 | acc 0.4688
20:41:52 [train] batch 2400/7649 | loss 1.0547 | acc 0.4683
20:41:55 [train] batch 2600/7649 | loss 1.0545 | acc 0.4685
20:41:58 [train] batch 2800/7649 | loss 1.0544 | acc 0.4698
20:42:02 [train] batch 3000/7649 | loss 1.0544 | acc 0.4700
20:42:05 [train] batch 3200/7649 | loss 1.0544 | acc 0.4698
20:42:08 [train] batch 3400/7649 | loss 1.0542 | acc 0.4703
20:42:11 [train] batch 3600/7649 | loss 1.0541 | acc 0.4704
20:42:15 [train] batch 3800/7649 | loss 1.0541 | acc 0.4701
20:42:18 [train] batch 4000/7649 | loss 1.0541 | acc 0.4701
20:42:21 [train] batch 4200/7649 | loss 1.0540 | acc 0.4700
20:42:24 [train] batch 4400/7649 | loss 1.0539 | acc 0.4700
20:42:28 [train] batch 4600/7649 | loss 1.0538 | acc 0.4703
20:42:31 [train] batch 4800/7649 | loss 1.0538 | acc 0.4703
20:42:34 [train] batch 5000/7649 | loss 1.0538 | acc 0.4705
20:42:38 [train] batch 5200/7649 | loss 1.0538 | acc 0.4705
20:42:41 [train] batch 5400/7649 | loss 1.0538 | acc 0.4704
20:42:44 [train] batch 5600/7649 | loss 1.0537 | acc 0.4706
20:42:48 [train] batch 5800/7649 | loss 1.0537 | acc 0.4706
20:42:51 [train] batch 6000/7649 | loss 1.0537 | acc 0.4706
20:42:54 [train] batch 6200/7649 | loss 1.0538 | acc 0.4705
20:42:57 [train] batch 6400/7649 | loss 1.0538 | acc 0.4701
20:43:01 [train] batch 6600/7649 | loss 1.0539 | acc 0.4701
20:43:04 [train] batch 6800/7649 | loss 1.0538 | acc 0.4703
20:43:07 [train] batch 7000/7649 | loss 1.0539 | acc 0.4702
20:43:11 [train] batch 7200/7649 | loss 1.0538 | acc 0.4704
20:43:14 [train] batch 7400/7649 | loss 1.0539 | acc 0.4703
20:43:17 [train] batch 7600/7649 | loss 1.0540 | acc 0.4702
20:43:18 [train] batch 7649/7649 | loss 1.0540 | acc 0.4703
20:43:25 ✔ saved validation confusion matrix → confusion_val/run_20250524_203011/epoch_06.png
20:43:25 Epoch 06 | train 1.0540/0.4703 | val 1.0313/0.4571 | lr 5.00e-06
20:43:25 ✓ save best
20:43:28 [train] batch 200/7649 | loss 1.0509 | acc 0.4805
20:43:31 [train] batch 400/7649 | loss 1.0528 | acc 0.4779
20:43:35 [train] batch 600/7649 | loss 1.0535 | acc 0.4722
20:43:38 [train] batch 800/7649 | loss 1.0534 | acc 0.4714
20:43:41 [train] batch 1000/7649 | loss 1.0533 | acc 0.4725
20:43:45 [train] batch 1200/7649 | loss 1.0534 | acc 0.4733
20:43:48 [train] batch 1400/7649 | loss 1.0532 | acc 0.4732
20:43:51 [train] batch 1600/7649 | loss 1.0534 | acc 0.4721
20:43:55 [train] batch 1800/7649 | loss 1.0536 | acc 0.4713
20:43:58 [train] batch 2000/7649 | loss 1.0536 | acc 0.4703
20:44:01 [train] batch 2200/7649 | loss 1.0537 | acc 0.4702
20:44:04 [train] batch 2400/7649 | loss 1.0537 | acc 0.4704
20:44:08 [train] batch 2600/7649 | loss 1.0537 | acc 0.4703
20:44:11 [train] batch 2800/7649 | loss 1.0538 | acc 0.4708
20:44:14 [train] batch 3000/7649 | loss 1.0539 | acc 0.4705
20:44:17 [train] batch 3200/7649 | loss 1.0539 | acc 0.4701
20:44:21 [train] batch 3400/7649 | loss 1.0540 | acc 0.4703
20:44:24 [train] batch 3600/7649 | loss 1.0541 | acc 0.4704
20:44:27 [train] batch 3800/7649 | loss 1.0541 | acc 0.4702
20:44:31 [train] batch 4000/7649 | loss 1.0541 | acc 0.4700
20:44:34 [train] batch 4200/7649 | loss 1.0541 | acc 0.4701
20:44:37 [train] batch 4400/7649 | loss 1.0540 | acc 0.4700
20:44:40 [train] batch 4600/7649 | loss 1.0539 | acc 0.4701
20:44:44 [train] batch 4800/7649 | loss 1.0538 | acc 0.4706
20:44:47 [train] batch 5000/7649 | loss 1.0539 | acc 0.4706
20:44:50 [train] batch 5200/7649 | loss 1.0540 | acc 0.4706
20:44:54 [train] batch 5400/7649 | loss 1.0539 | acc 0.4709
20:44:57 [train] batch 5600/7649 | loss 1.0539 | acc 0.4710
20:45:00 [train] batch 5800/7649 | loss 1.0539 | acc 0.4710
20:45:03 [train] batch 6000/7649 | loss 1.0539 | acc 0.4713
20:45:07 [train] batch 6200/7649 | loss 1.0539 | acc 0.4715
20:45:10 [train] batch 6400/7649 | loss 1.0539 | acc 0.4715
20:45:13 [train] batch 6600/7649 | loss 1.0539 | acc 0.4713
20:45:16 [train] batch 6800/7649 | loss 1.0539 | acc 0.4712
20:45:20 [train] batch 7000/7649 | loss 1.0539 | acc 0.4713
20:45:23 [train] batch 7200/7649 | loss 1.0539 | acc 0.4712
20:45:26 [train] batch 7400/7649 | loss 1.0539 | acc 0.4713
20:45:30 [train] batch 7600/7649 | loss 1.0539 | acc 0.4713
20:45:30 [train] batch 7649/7649 | loss 1.0539 | acc 0.4714
20:45:37 ✔ saved validation confusion matrix → confusion_val/run_20250524_203011/epoch_07.png
20:45:37 Epoch 07 | train 1.0539/0.4714 | val 1.0321/0.4519 | lr 5.00e-06
20:45:40 [train] batch 200/7649 | loss 1.0531 | acc 0.4819
20:45:44 [train] batch 400/7649 | loss 1.0538 | acc 0.4824
20:45:47 [train] batch 600/7649 | loss 1.0540 | acc 0.4793
20:45:51 [train] batch 800/7649 | loss 1.0536 | acc 0.4798
20:45:54 [train] batch 1000/7649 | loss 1.0537 | acc 0.4780
20:45:57 [train] batch 1200/7649 | loss 1.0537 | acc 0.4771
20:46:00 [train] batch 1400/7649 | loss 1.0541 | acc 0.4761
20:46:04 [train] batch 1600/7649 | loss 1.0536 | acc 0.4764
20:46:07 [train] batch 1800/7649 | loss 1.0536 | acc 0.4758
20:46:10 [train] batch 2000/7649 | loss 1.0537 | acc 0.4749
20:46:13 [train] batch 2200/7649 | loss 1.0537 | acc 0.4746
20:46:17 [train] batch 2400/7649 | loss 1.0538 | acc 0.4742
20:46:20 [train] batch 2600/7649 | loss 1.0538 | acc 0.4740
20:46:23 [train] batch 2800/7649 | loss 1.0538 | acc 0.4740
20:46:27 [train] batch 3000/7649 | loss 1.0540 | acc 0.4737
20:46:30 [train] batch 3200/7649 | loss 1.0541 | acc 0.4734
20:46:33 [train] batch 3400/7649 | loss 1.0542 | acc 0.4733
20:46:36 [train] batch 3600/7649 | loss 1.0541 | acc 0.4730
20:46:40 [train] batch 3800/7649 | loss 1.0540 | acc 0.4729
20:46:43 [train] batch 4000/7649 | loss 1.0540 | acc 0.4724
20:46:46 [train] batch 4200/7649 | loss 1.0539 | acc 0.4722
20:46:49 [train] batch 4400/7649 | loss 1.0539 | acc 0.4721
20:46:53 [train] batch 4600/7649 | loss 1.0538 | acc 0.4723
20:46:56 [train] batch 4800/7649 | loss 1.0538 | acc 0.4722
20:46:59 [train] batch 5000/7649 | loss 1.0538 | acc 0.4720
20:47:03 [train] batch 5200/7649 | loss 1.0538 | acc 0.4718
20:47:06 [train] batch 5400/7649 | loss 1.0538 | acc 0.4717
20:47:09 [train] batch 5600/7649 | loss 1.0537 | acc 0.4716
20:47:13 [train] batch 5800/7649 | loss 1.0537 | acc 0.4717
20:47:16 [train] batch 6000/7649 | loss 1.0537 | acc 0.4719
20:47:19 [train] batch 6200/7649 | loss 1.0537 | acc 0.4721
20:47:22 [train] batch 6400/7649 | loss 1.0537 | acc 0.4720
20:47:26 [train] batch 6600/7649 | loss 1.0537 | acc 0.4719
20:47:29 [train] batch 6800/7649 | loss 1.0537 | acc 0.4718
20:47:32 [train] batch 7000/7649 | loss 1.0537 | acc 0.4721
20:47:35 [train] batch 7200/7649 | loss 1.0536 | acc 0.4721
20:47:39 [train] batch 7400/7649 | loss 1.0537 | acc 0.4719
20:47:42 [train] batch 7600/7649 | loss 1.0537 | acc 0.4720
20:47:43 [train] batch 7649/7649 | loss 1.0537 | acc 0.4720
20:47:50 ✔ saved validation confusion matrix → confusion_val/run_20250524_203011/epoch_08.png
20:47:50 Epoch 08 | train 1.0537/0.4720 | val 1.0354/0.4360 | lr 5.00e-06
20:47:53 [train] batch 200/7649 | loss 1.0543 | acc 0.4695
20:47:56 [train] batch 400/7649 | loss 1.0547 | acc 0.4713
20:48:00 [train] batch 600/7649 | loss 1.0557 | acc 0.4698
20:48:03 [train] batch 800/7649 | loss 1.0548 | acc 0.4718
20:48:07 [train] batch 1000/7649 | loss 1.0546 | acc 0.4722
20:48:10 [train] batch 1200/7649 | loss 1.0547 | acc 0.4727
20:48:13 [train] batch 1400/7649 | loss 1.0545 | acc 0.4733
20:48:16 [train] batch 1600/7649 | loss 1.0544 | acc 0.4738
20:48:20 [train] batch 1800/7649 | loss 1.0544 | acc 0.4734
20:48:23 [train] batch 2000/7649 | loss 1.0541 | acc 0.4731
20:48:26 [train] batch 2200/7649 | loss 1.0543 | acc 0.4724
20:48:29 [train] batch 2400/7649 | loss 1.0543 | acc 0.4721
20:48:33 [train] batch 2600/7649 | loss 1.0543 | acc 0.4716
20:48:36 [train] batch 2800/7649 | loss 1.0543 | acc 0.4712
20:48:39 [train] batch 3000/7649 | loss 1.0541 | acc 0.4715
20:48:42 [train] batch 3200/7649 | loss 1.0542 | acc 0.4709
20:48:46 [train] batch 3400/7649 | loss 1.0542 | acc 0.4707
20:48:49 [train] batch 3600/7649 | loss 1.0540 | acc 0.4706
20:48:52 [train] batch 3800/7649 | loss 1.0541 | acc 0.4705
20:48:55 [train] batch 4000/7649 | loss 1.0540 | acc 0.4706
20:48:59 [train] batch 4200/7649 | loss 1.0540 | acc 0.4708
20:49:02 [train] batch 4400/7649 | loss 1.0540 | acc 0.4710
20:49:05 [train] batch 4600/7649 | loss 1.0540 | acc 0.4713
20:49:09 [train] batch 4800/7649 | loss 1.0540 | acc 0.4713
20:49:12 [train] batch 5000/7649 | loss 1.0540 | acc 0.4713
20:49:15 [train] batch 5200/7649 | loss 1.0540 | acc 0.4715
20:49:19 [train] batch 5400/7649 | loss 1.0540 | acc 0.4713
20:49:22 [train] batch 5600/7649 | loss 1.0539 | acc 0.4714
20:49:25 [train] batch 5800/7649 | loss 1.0539 | acc 0.4714
20:49:28 [train] batch 6000/7649 | loss 1.0539 | acc 0.4717
20:49:32 [train] batch 6200/7649 | loss 1.0539 | acc 0.4719
20:49:35 [train] batch 6400/7649 | loss 1.0539 | acc 0.4719
20:49:38 [train] batch 6600/7649 | loss 1.0539 | acc 0.4717
20:49:41 [train] batch 6800/7649 | loss 1.0538 | acc 0.4718
20:49:45 [train] batch 7000/7649 | loss 1.0538 | acc 0.4718
20:49:48 [train] batch 7200/7649 | loss 1.0538 | acc 0.4720
20:49:51 [train] batch 7400/7649 | loss 1.0538 | acc 0.4721
20:49:55 [train] batch 7600/7649 | loss 1.0537 | acc 0.4722
20:49:55 [train] batch 7649/7649 | loss 1.0537 | acc 0.4722
20:50:02 ✔ saved validation confusion matrix → confusion_val/run_20250524_203011/epoch_09.png
20:50:02 Epoch 09 | train 1.0537/0.4722 | val 1.0317/0.4441 | lr 2.50e-06
20:50:06 [train] batch 200/7649 | loss 1.0548 | acc 0.4722
20:50:09 [train] batch 400/7649 | loss 1.0542 | acc 0.4710
20:50:13 [train] batch 600/7649 | loss 1.0533 | acc 0.4722
20:50:16 [train] batch 800/7649 | loss 1.0535 | acc 0.4711
20:50:19 [train] batch 1000/7649 | loss 1.0537 | acc 0.4717
20:50:22 [train] batch 1200/7649 | loss 1.0539 | acc 0.4711
20:50:26 [train] batch 1400/7649 | loss 1.0535 | acc 0.4709
20:50:29 [train] batch 1600/7649 | loss 1.0534 | acc 0.4711
20:50:32 [train] batch 1800/7649 | loss 1.0536 | acc 0.4710
20:50:36 [train] batch 2000/7649 | loss 1.0537 | acc 0.4713
20:50:39 [train] batch 2200/7649 | loss 1.0538 | acc 0.4712
20:50:42 [train] batch 2400/7649 | loss 1.0539 | acc 0.4715
20:50:45 [train] batch 2600/7649 | loss 1.0540 | acc 0.4717
20:50:49 [train] batch 2800/7649 | loss 1.0539 | acc 0.4719
20:50:52 [train] batch 3000/7649 | loss 1.0538 | acc 0.4718
20:50:55 [train] batch 3200/7649 | loss 1.0539 | acc 0.4719
20:50:58 [train] batch 3400/7649 | loss 1.0539 | acc 0.4723
20:51:02 [train] batch 3600/7649 | loss 1.0539 | acc 0.4728
20:51:05 [train] batch 3800/7649 | loss 1.0539 | acc 0.4731
20:51:08 [train] batch 4000/7649 | loss 1.0538 | acc 0.4734
20:51:12 [train] batch 4200/7649 | loss 1.0538 | acc 0.4734
20:51:15 [train] batch 4400/7649 | loss 1.0539 | acc 0.4732
20:51:18 [train] batch 4600/7649 | loss 1.0539 | acc 0.4728
20:51:22 [train] batch 4800/7649 | loss 1.0539 | acc 0.4727
20:51:25 [train] batch 5000/7649 | loss 1.0538 | acc 0.4727
20:51:28 [train] batch 5200/7649 | loss 1.0538 | acc 0.4727
20:51:31 [train] batch 5400/7649 | loss 1.0537 | acc 0.4727
20:51:35 [train] batch 5600/7649 | loss 1.0537 | acc 0.4726
20:51:38 [train] batch 5800/7649 | loss 1.0537 | acc 0.4726
20:51:41 [train] batch 6000/7649 | loss 1.0537 | acc 0.4727
20:51:44 [train] batch 6200/7649 | loss 1.0536 | acc 0.4728
20:51:48 [train] batch 6400/7649 | loss 1.0537 | acc 0.4727
20:51:51 [train] batch 6600/7649 | loss 1.0536 | acc 0.4727
20:51:54 [train] batch 6800/7649 | loss 1.0537 | acc 0.4726
20:51:57 [train] batch 7000/7649 | loss 1.0536 | acc 0.4726
20:52:01 [train] batch 7200/7649 | loss 1.0536 | acc 0.4726
20:52:04 [train] batch 7400/7649 | loss 1.0536 | acc 0.4725
20:52:07 [train] batch 7600/7649 | loss 1.0536 | acc 0.4725
20:52:08 [train] batch 7649/7649 | loss 1.0536 | acc 0.4725
20:52:15 ✔ saved validation confusion matrix → confusion_val/run_20250524_203011/epoch_10.png
20:52:15 Epoch 10 | train 1.0536/0.4725 | val 1.0340/0.4378 | lr 2.50e-06
20:52:19 [train] batch 200/7649 | loss 1.0548 | acc 0.4661
20:52:22 [train] batch 400/7649 | loss 1.0537 | acc 0.4705
20:52:25 [train] batch 600/7649 | loss 1.0532 | acc 0.4731
20:52:29 [train] batch 800/7649 | loss 1.0529 | acc 0.4732
20:52:32 [train] batch 1000/7649 | loss 1.0532 | acc 0.4723
20:52:35 [train] batch 1200/7649 | loss 1.0529 | acc 0.4726
20:52:38 [train] batch 1400/7649 | loss 1.0527 | acc 0.4726
20:52:42 [train] batch 1600/7649 | loss 1.0529 | acc 0.4717
20:52:45 [train] batch 1800/7649 | loss 1.0531 | acc 0.4717
20:52:48 [train] batch 2000/7649 | loss 1.0530 | acc 0.4717
20:52:51 [train] batch 2200/7649 | loss 1.0530 | acc 0.4714
20:52:55 [train] batch 2400/7649 | loss 1.0529 | acc 0.4716
20:52:58 [train] batch 2600/7649 | loss 1.0531 | acc 0.4713
20:53:01 [train] batch 2800/7649 | loss 1.0531 | acc 0.4714
20:53:05 [train] batch 3000/7649 | loss 1.0531 | acc 0.4712
20:53:08 [train] batch 3200/7649 | loss 1.0532 | acc 0.4707
20:53:11 [train] batch 3400/7649 | loss 1.0530 | acc 0.4709
20:53:14 [train] batch 3600/7649 | loss 1.0531 | acc 0.4712
20:53:18 [train] batch 3800/7649 | loss 1.0530 | acc 0.4716
20:53:21 [train] batch 4000/7649 | loss 1.0533 | acc 0.4713
20:53:24 [train] batch 4200/7649 | loss 1.0533 | acc 0.4714
20:53:28 [train] batch 4400/7649 | loss 1.0532 | acc 0.4714
20:53:31 [train] batch 4600/7649 | loss 1.0534 | acc 0.4712
20:53:34 [train] batch 4800/7649 | loss 1.0535 | acc 0.4710
20:53:37 [train] batch 5000/7649 | loss 1.0535 | acc 0.4713
20:53:40 [train] batch 5200/7649 | loss 1.0535 | acc 0.4716
20:53:44 [train] batch 5400/7649 | loss 1.0535 | acc 0.4718
20:53:47 [train] batch 5600/7649 | loss 1.0535 | acc 0.4720
20:53:50 [train] batch 5800/7649 | loss 1.0535 | acc 0.4720
20:53:54 [train] batch 6000/7649 | loss 1.0535 | acc 0.4721
20:53:57 [train] batch 6200/7649 | loss 1.0535 | acc 0.4719
20:54:00 [train] batch 6400/7649 | loss 1.0535 | acc 0.4718
20:54:03 [train] batch 6600/7649 | loss 1.0535 | acc 0.4718
20:54:07 [train] batch 6800/7649 | loss 1.0536 | acc 0.4720
20:54:10 [train] batch 7000/7649 | loss 1.0535 | acc 0.4720
20:54:13 [train] batch 7200/7649 | loss 1.0535 | acc 0.4719
20:54:16 [train] batch 7400/7649 | loss 1.0535 | acc 0.4722
20:54:20 [train] batch 7600/7649 | loss 1.0535 | acc 0.4722
20:54:21 [train] batch 7649/7649 | loss 1.0535 | acc 0.4723
20:54:28 ✔ saved validation confusion matrix → confusion_val/run_20250524_203011/epoch_11.png
20:54:28 Epoch 11 | train 1.0535/0.4723 | val 1.0338/0.4433 | lr 2.50e-06
20:54:31 [train] batch 200/7649 | loss 1.0531 | acc 0.4771
20:54:35 [train] batch 400/7649 | loss 1.0539 | acc 0.4751
20:54:38 [train] batch 600/7649 | loss 1.0549 | acc 0.4710
20:54:41 [train] batch 800/7649 | loss 1.0543 | acc 0.4708
20:54:44 [train] batch 1000/7649 | loss 1.0543 | acc 0.4717
20:54:48 [train] batch 1200/7649 | loss 1.0544 | acc 0.4717
20:54:51 [train] batch 1400/7649 | loss 1.0544 | acc 0.4713
20:54:54 [train] batch 1600/7649 | loss 1.0543 | acc 0.4708
20:54:57 [train] batch 1800/7649 | loss 1.0542 | acc 0.4714
20:55:01 [train] batch 2000/7649 | loss 1.0540 | acc 0.4717
20:55:04 [train] batch 2200/7649 | loss 1.0541 | acc 0.4718
20:55:07 [train] batch 2400/7649 | loss 1.0539 | acc 0.4727
20:55:10 [train] batch 2600/7649 | loss 1.0538 | acc 0.4729
20:55:14 [train] batch 2800/7649 | loss 1.0538 | acc 0.4732
20:55:17 [train] batch 3000/7649 | loss 1.0537 | acc 0.4731
20:55:20 [train] batch 3200/7649 | loss 1.0536 | acc 0.4732
20:55:23 [train] batch 3400/7649 | loss 1.0537 | acc 0.4729
20:55:27 [train] batch 3600/7649 | loss 1.0535 | acc 0.4732
20:55:30 [train] batch 3800/7649 | loss 1.0536 | acc 0.4728
20:55:33 [train] batch 4000/7649 | loss 1.0536 | acc 0.4727
20:55:37 [train] batch 4200/7649 | loss 1.0536 | acc 0.4725
20:55:40 [train] batch 4400/7649 | loss 1.0535 | acc 0.4725
20:55:43 [train] batch 4600/7649 | loss 1.0536 | acc 0.4723
20:55:47 [train] batch 4800/7649 | loss 1.0536 | acc 0.4723
20:55:50 [train] batch 5000/7649 | loss 1.0535 | acc 0.4727
20:55:53 [train] batch 5200/7649 | loss 1.0535 | acc 0.4728
20:55:56 [train] batch 5400/7649 | loss 1.0535 | acc 0.4728
20:56:00 [train] batch 5600/7649 | loss 1.0535 | acc 0.4728
20:56:03 [train] batch 5800/7649 | loss 1.0535 | acc 0.4731
20:56:06 [train] batch 6000/7649 | loss 1.0534 | acc 0.4732
20:56:09 [train] batch 6200/7649 | loss 1.0534 | acc 0.4733
20:56:13 [train] batch 6400/7649 | loss 1.0534 | acc 0.4731
20:56:16 [train] batch 6600/7649 | loss 1.0535 | acc 0.4729
20:56:19 [train] batch 6800/7649 | loss 1.0534 | acc 0.4728
20:56:22 [train] batch 7000/7649 | loss 1.0534 | acc 0.4729
20:56:26 [train] batch 7200/7649 | loss 1.0534 | acc 0.4729
20:56:29 [train] batch 7400/7649 | loss 1.0534 | acc 0.4731
20:56:32 [train] batch 7600/7649 | loss 1.0533 | acc 0.4732
20:56:33 [train] batch 7649/7649 | loss 1.0534 | acc 0.4732
20:56:40 ✔ saved validation confusion matrix → confusion_val/run_20250524_203011/epoch_12.png
20:56:40 Epoch 12 | train 1.0534/0.4732 | val 1.0346/0.4364 | lr 2.50e-06
20:56:43 [train] batch 200/7649 | loss 1.0513 | acc 0.4780
20:56:46 [train] batch 400/7649 | loss 1.0518 | acc 0.4750
20:56:50 [train] batch 600/7649 | loss 1.0514 | acc 0.4756
20:56:53 [train] batch 800/7649 | loss 1.0517 | acc 0.4755
20:56:56 [train] batch 1000/7649 | loss 1.0522 | acc 0.4744
20:57:00 [train] batch 1200/7649 | loss 1.0522 | acc 0.4751
20:57:03 [train] batch 1400/7649 | loss 1.0523 | acc 0.4755
20:57:06 [train] batch 1600/7649 | loss 1.0526 | acc 0.4748
20:57:09 [train] batch 1800/7649 | loss 1.0528 | acc 0.4746
20:57:13 [train] batch 2000/7649 | loss 1.0528 | acc 0.4748
20:57:16 [train] batch 2200/7649 | loss 1.0529 | acc 0.4747
20:57:19 [train] batch 2400/7649 | loss 1.0532 | acc 0.4742
20:57:22 [train] batch 2600/7649 | loss 1.0531 | acc 0.4743
20:57:26 [train] batch 2800/7649 | loss 1.0531 | acc 0.4743
20:57:29 [train] batch 3000/7649 | loss 1.0531 | acc 0.4740
20:57:32 [train] batch 3200/7649 | loss 1.0532 | acc 0.4740
20:57:35 [train] batch 3400/7649 | loss 1.0533 | acc 0.4737
20:57:39 [train] batch 3600/7649 | loss 1.0531 | acc 0.4741
20:57:42 [train] batch 3800/7649 | loss 1.0533 | acc 0.4739
20:57:45 [train] batch 4000/7649 | loss 1.0533 | acc 0.4736
20:57:49 [train] batch 4200/7649 | loss 1.0532 | acc 0.4737
20:57:52 [train] batch 4400/7649 | loss 1.0532 | acc 0.4737
20:57:55 [train] batch 4600/7649 | loss 1.0533 | acc 0.4734
20:57:58 [train] batch 4800/7649 | loss 1.0534 | acc 0.4732
20:58:02 [train] batch 5000/7649 | loss 1.0533 | acc 0.4731
20:58:05 [train] batch 5200/7649 | loss 1.0533 | acc 0.4731
20:58:08 [train] batch 5400/7649 | loss 1.0532 | acc 0.4732
20:58:12 [train] batch 5600/7649 | loss 1.0532 | acc 0.4733
20:58:15 [train] batch 5800/7649 | loss 1.0533 | acc 0.4731
20:58:18 [train] batch 6000/7649 | loss 1.0533 | acc 0.4732
20:58:21 [train] batch 6200/7649 | loss 1.0533 | acc 0.4730
20:58:25 [train] batch 6400/7649 | loss 1.0533 | acc 0.4729
20:58:28 [train] batch 6600/7649 | loss 1.0532 | acc 0.4728
20:58:31 [train] batch 6800/7649 | loss 1.0533 | acc 0.4728
20:58:34 [train] batch 7000/7649 | loss 1.0533 | acc 0.4728
20:58:38 [train] batch 7200/7649 | loss 1.0533 | acc 0.4727
20:58:41 [train] batch 7400/7649 | loss 1.0532 | acc 0.4728
20:58:44 [train] batch 7600/7649 | loss 1.0533 | acc 0.4728
20:58:45 [train] batch 7649/7649 | loss 1.0533 | acc 0.4727
20:58:52 ✔ saved validation confusion matrix → confusion_val/run_20250524_203011/epoch_13.png
20:58:52 Epoch 13 | train 1.0533/0.4727 | val 1.0364/0.4276 | lr 1.25e-06
20:58:52 Early-stop
20:58:53 [eval ] batch 200/2185 | loss 1.0875 | acc 0.2946
20:58:54 [eval ] batch 400/2185 | loss 1.0478 | acc 0.4407
20:58:55 [eval ] batch 600/2185 | loss 1.0428 | acc 0.4540
20:58:56 [eval ] batch 800/2185 | loss 1.0503 | acc 0.4351
20:58:57 [eval ] batch 1000/2185 | loss 1.0514 | acc 0.4391
20:58:58 [eval ] batch 1200/2185 | loss 1.0465 | acc 0.4628
20:58:59 [eval ] batch 1400/2185 | loss 1.0499 | acc 0.4479
20:59:00 [eval ] batch 1600/2185 | loss 1.0513 | acc 0.4462
20:59:01 [eval ] batch 1800/2185 | loss 1.0520 | acc 0.4437
20:59:02 [eval ] batch 2000/2185 | loss 1.0500 | acc 0.4427
20:59:03 [eval ] batch 2185/2185 | loss 1.0503 | acc 0.4437
20:59:03 TEST loss/acc 1.0503/0.4437
20:59:15 Confusion matrix saved ➜ confusion_matrix.png
